Software Version: 2023.2.0.8
Programmer '95430' : JTAG TCK frequency = 1 MHz
Driver : 3.0.0 build 1
programmer '95430' : FlashPro4
Opened 'E:\Verilog_1st_year\I2C\designer\I2C\I2C_fp\I2C.pro'
The 'open_project' command succeeded.
Info: Programming is already enabled for device 'M2S050'.
The 'enable_device' command succeeded.
PPD file 'E:/Verilog_1st_year/I2C/designer/I2C/I2C.ppd' has been loaded successfully.
DESIGN : I2C;  CHECKSUM : D8DA;  PDB_VERSION : 1.0
The 'set_programming_file' command succeeded.
The 'set_programming_action' command succeeded.
programmer '95430' : Scan Chain...
Programmer '95430' : JTAG TCK frequency = 1 MHz
programmer '95430' : Check Chain...
programmer '95430' : Scan and Check Chain PASSED.
programmer '95430' : device 'M2S050' : Executing action PROGRAM
Programmer '95430' : JTAG TCK frequency = 4 MHz
programmer '95430' : device 'M2S050' : Programming Interface Protocol: JTAG
programmer '95430' : device 'M2S050' : Warning: You have exceeded the maximum programming cycle count of 500 on this device. Refer to your device datasheet for more details.
programmer '95430' : device 'M2S050' : EXPORT ISC_ENABLE_RESULT[32] = 007a6944
programmer '95430' : device 'M2S050' : EXPORT CRCERR[1] = 0
programmer '95430' : device 'M2S050' : EXPORT EDCERR[1] = 0
programmer '95430' : device 'M2S050' : Programming FPGA Array...
programmer '95430' : device 'M2S050' : EXPORT Fabric component digest[256] = 263a06253a4b33f35b5162383988c2bd60180b9d26cf0ac74b6c85f57c7b6c6e
programmer '95430' : device 'M2S050' : ===================================================================================
programmer '95430' : device 'M2S050' : EXPORT DSN[128] = 1388d8040000cd5a003b0017002a0010
programmer '95430' : device 'M2S050' : ===================================================================================
programmer '95430' : device 'M2S050' : Finished: Sun Nov 10 20:37:34 2024 (Elapsed time 00:01:07)
programmer '95430' : device 'M2S050' : Executing action PROGRAM PASSED.
programmer '95430' : Chain programming PASSED.
Chain Programming Finished: Sun Nov 10 20:37:34 2024 (Elapsed time 00:01:07)

                        o - o - o - o - o - o

The 'run_selected_actions' command succeeded.
Project saved.
The 'save_project' command succeeded.
Project closed.
The 'close_project' command succeeded.
The Execute Script command succeeded.
