
                               Synplify Pro (R) 

               Version T-2022.09M-SP2-1 for win64 - Jun 27, 2023 

                    Copyright (c) 1988 - 2023 Synopsys, Inc.
   This software and the associated documentation are proprietary to Synopsys,
 Inc. This software may only be used in accordance with the terms and conditions
 of a written license agreement with Synopsys, Inc. All other use, reproduction,
   or distribution of this software is strictly prohibited.  Licensed Products
     communicate with Synopsys servers for the purpose of providing software
    updates, detecting software piracy and verifying that customers are using
    Licensed Products in conformity with the applicable License Key for such
  Licensed Products. Synopsys will use information gathered in connection with
    this process to deliver software updates and pursue software pirates and
                                   infringers.

 Inclusivity & Diversity - Visit SolvNetPlus to read the "Synopsys Statement on
            Inclusivity and Diversity" (Refer to article 000036315 at
                        https://solvnetplus.synopsys.com)

Starting:    C:\Microchip\Libero_SoC_v2023.2\SynplifyPro\bin64\mbin\synbatch.exe
Install:     C:\Microchip\Libero_SoC_v2023.2\SynplifyPro
Hostname:    DESKTOP-6AKHTM4
Date:        Sun Nov 10 20:27:28 2024
Version:     T-2022.09M-SP2-1

Arguments:   -product synplify_pro -licensetype synplifypro_actel -batch -log synplify.log I2C_syn.tcl
ProductType: synplify_pro

License checkout: synplifypro_actel
License: synplifypro_actel from server 172.20.48.13 
Licensed Vendor: actel
License Option: actel_oem

Running in Vendor Mode

use_module_idb is not supported in current product.
auto_infer_blackbox is not supported in current product.
log file: "E:\Verilog_1st_year\I2C\synthesis\I2C.srr"
Running: synthesis in foreground

Running I2C_syn|synthesis

Running Flow: compile (Compile) on I2C_syn|synthesis
# Sun Nov 10 20:27:30 2024

Running Flow: compile_flow (Compile Process) on I2C_syn|synthesis
# Sun Nov 10 20:27:30 2024

Running: compiler (Compile Input) on I2C_syn|synthesis
# Sun Nov 10 20:27:30 2024
Copied E:\Verilog_1st_year\I2C\synthesis\synwork\I2C_comp.srs to E:\Verilog_1st_year\I2C\synthesis\I2C.srs

compiler completed
# Sun Nov 10 20:27:38 2024

Return Code: 0
Run Time:00h:00m:07s

Running: multi_srs_gen (Multi-srs Generator) on I2C_syn|synthesis
# Sun Nov 10 20:27:38 2024

multi_srs_gen completed
# Sun Nov 10 20:27:39 2024

Return Code: 0
Run Time:00h:00m:01s
Copied E:\Verilog_1st_year\I2C\synthesis\synwork\I2C_mult.srs to E:\Verilog_1st_year\I2C\synthesis\I2C.srs
Complete: Compile Process on I2C_syn|synthesis

Running: premap (Premap) on I2C_syn|synthesis
# Sun Nov 10 20:27:39 2024

premap completed with warnings
# Sun Nov 10 20:27:42 2024

Return Code: 1
Run Time:00h:00m:03s
Complete: Compile on I2C_syn|synthesis

Running Flow: map (Map) on I2C_syn|synthesis
# Sun Nov 10 20:27:42 2024
License granted for 4 parallel jobs

Running: fpga_mapper (Map & Optimize) on I2C_syn|synthesis
# Sun Nov 10 20:27:42 2024
Copied E:\Verilog_1st_year\I2C\synthesis\synwork\I2C_m.srm to E:\Verilog_1st_year\I2C\synthesis\I2C.srm

fpga_mapper completed with warnings
# Sun Nov 10 20:27:45 2024

Return Code: 1
Run Time:00h:00m:03s
Complete: Map on I2C_syn|synthesis
Complete: Logic Synthesis on I2C_syn|synthesis
TCL script complete: "I2C_syn.tcl"
exit status=0
exit status=0
License checkin: synplifypro_actel
