Resource Usage Report for I2C 

Mapping to part: m2s050vf400std
Cell usage:
CCC             1 use
CLKINT          2 uses
MSS_050         1 use
RCOSC_25_50MHZ  1 use
CFG1           2 uses
CFG2           10 uses
CFG3           9 uses
CFG4           37 uses

Carry cells:
ARI1            7 uses - used for arithmetic functions


Sequential Cells: 
SLE            27 uses

DSP Blocks:    0 of 72 (0%)

I/O ports: 23
I/O primitives: 14
BIBUF          1 use
INBUF          1 use
OUTBUF         11 uses
TRIBUFF        1 use


Global Clock Buffers: 2

Total LUTs:    65

Extra resources required for RAM and MACC interface logic during P&R:

RAM64x18 Interface Logic : SLEs = 0; LUTs = 0;
RAM1K18  Interface Logic : SLEs = 0; LUTs = 0;
MACC     Interface Logic : SLEs = 0; LUTs = 0;

Total number of SLEs after P&R:  27 + 0 + 0 + 0 = 27;
Total number of LUTs after P&R:  65 + 0 + 0 + 0 = 65;

